#! /usr/bin/vvp
:ivl_version "0.9.7 " "(v0_9_7)";
:vpi_time_precision + 0;
:vpi_module "system";
:vpi_module "v2005_math";
:vpi_module "va_math";
S_0x9da0d20 .scope module, "dff" "dff" 2 1;
 .timescale 0 0;
v0x9da0da0_0 .net "clk", 0 0, C4<z>; 0 drivers
v0x9dc0d80_0 .net "d", 0 0, C4<z>; 0 drivers
v0x9dc0de0_0 .var "q", 0 0;
v0x9dc0e40_0 .net "reset", 0 0, C4<z>; 0 drivers
E_0x9dc4628 .event posedge, v0x9da0da0_0;
    .scope S_0x9da0d20;
T_0 ;
    %wait E_0x9dc4628;
    %load/v 8, v0x9dc0e40_0, 1;
    %jmp/0xz  T_0.0, 8;
    %ix/load 0, 1, 0;
    %assign/v0 v0x9dc0de0_0, 0, 0;
    %jmp T_0.1;
T_0.0 ;
    %load/v 8, v0x9dc0d80_0, 1;
    %ix/load 0, 1, 0;
    %assign/v0 v0x9dc0de0_0, 0, 8;
T_0.1 ;
    %jmp T_0;
    .thread T_0;
# The file index is used to find the file name in the following table.
:file_names 3;
    "N/A";
    "<interactive>";
    "dff.v";
